<?xml version="1.0" encoding="UTF-8"?>
<coverage generated="1788382483066" clover="3.2.0">
  <project timestamp="1788382483066" name="All files">
    <metrics statements="63" coveredstatements="62" conditionals="34" coveredconditionals="28" methods="18" coveredmethods="17" elements="115" coveredelements="107" complexity="0" loc="63" ncloc="63" packages="3" files="5" classes="5"/>
    <package name="src">
      <metrics statements="38" coveredstatements="37" conditionals="20" coveredconditionals="18" methods="11" coveredmethods="10"/>
      <file name="index.tsx" path="/Users/awrmin/Developer/react-native-horizontal-datepicker/src/index.tsx">
        <metrics statements="38" coveredstatements="37" conditionals="20" coveredconditionals="18" methods="11" coveredmethods="10"/>
        <line num="49" count="1" type="stmt"/>
        <line num="56" count="1" type="stmt"/>
        <line num="57" count="1" type="stmt"/>
        <line num="58" count="1" type="cond" truecount="1" falsecount="1"/>
        <line num="59" count="1" type="stmt"/>
        <line num="60" count="1" type="stmt"/>
        <line num="64" count="1" type="stmt"/>
        <line num="65" count="14" type="cond" truecount="2" falsecount="0"/>
        <line num="67" count="1" type="stmt"/>
        <line num="84" count="14" type="cond" truecount="2" falsecount="0"/>
        <line num="85" count="1" type="stmt"/>
        <line num="88" count="14" type="stmt"/>
        <line num="89" count="14" type="stmt"/>
        <line num="92" count="14" type="stmt"/>
        <line num="93" count="14" type="cond" truecount="2" falsecount="0"/>
        <line num="94" count="1" type="stmt"/>
        <line num="95" count="1" type="stmt"/>
        <line num="98" count="14" type="stmt"/>
        <line num="100" count="14" type="stmt"/>
        <line num="101" count="10" type="stmt"/>
        <line num="105" count="14" type="cond" truecount="2" falsecount="0"/>
        <line num="107" count="14" type="stmt"/>
        <line num="109" count="13" type="stmt"/>
        <line num="118" count="14" type="stmt"/>
        <line num="120" count="2" type="stmt"/>
        <line num="121" count="2" type="stmt"/>
        <line num="122" count="2" type="stmt"/>
        <line num="131" count="14" type="stmt"/>
        <line num="133" count="14" type="stmt"/>
        <line num="135" count="54" type="stmt"/>
        <line num="136" count="54" type="stmt"/>
        <line num="137" count="54" type="stmt"/>
        <line num="143" count="2" type="stmt"/>
        <line num="185" count="14" type="stmt"/>
        <line num="193" count="78" type="stmt"/>
        <line num="195" count="14" type="stmt"/>
        <line num="199" count="0" type="stmt"/>
        <line num="209" count="1" type="stmt"/>
      </file>
    </package>
    <package name="src.components">
      <metrics statements="6" coveredstatements="6" conditionals="6" coveredconditionals="2" methods="2" coveredmethods="2"/>
      <file name="Selected.tsx" path="/Users/awrmin/Developer/react-native-horizontal-datepicker/src/components/Selected.tsx">
        <metrics statements="3" coveredstatements="3" conditionals="3" coveredconditionals="1" methods="1" coveredmethods="1"/>
        <line num="14" count="1" type="stmt"/>
        <line num="23" count="10" type="stmt"/>
        <line num="41" count="1" type="stmt"/>
      </file>
      <file name="UnSelected.tsx" path="/Users/awrmin/Developer/react-native-horizontal-datepicker/src/components/UnSelected.tsx">
        <metrics statements="3" coveredstatements="3" conditionals="3" coveredconditionals="1" methods="1" coveredmethods="1"/>
        <line num="14" count="1" type="stmt"/>
        <line num="23" count="44" type="stmt"/>
        <line num="41" count="1" type="stmt"/>
      </file>
    </package>
    <package name="src.utils">
      <metrics statements="19" coveredstatements="19" conditionals="8" coveredconditionals="8" methods="5" coveredmethods="5"/>
      <file name="helper.ts" path="/Users/awrmin/Developer/react-native-horizontal-datepicker/src/utils/helper.ts">
        <metrics statements="12" coveredstatements="12" conditionals="2" coveredconditionals="2" methods="3" coveredmethods="3"/>
        <line num="11" count="2" type="stmt"/>
        <line num="14" count="2" type="stmt"/>
        <line num="15" count="42" type="cond" truecount="2" falsecount="0"/>
        <line num="18" count="2" type="stmt"/>
        <line num="24" count="2" type="stmt"/>
        <line num="28" count="16" type="stmt"/>
        <line num="29" count="16" type="stmt"/>
        <line num="30" count="16" type="stmt"/>
        <line num="31" count="16" type="stmt"/>
        <line num="32" count="61" type="stmt"/>
        <line num="33" count="61" type="stmt"/>
        <line num="35" count="16" type="stmt"/>
      </file>
      <file name="layout.ts" path="/Users/awrmin/Developer/react-native-horizontal-datepicker/src/utils/layout.ts">
        <metrics statements="7" coveredstatements="7" conditionals="6" coveredconditionals="6" methods="2" coveredmethods="2"/>
        <line num="21" count="2" type="stmt"/>
        <line num="27" count="20" type="stmt"/>
        <line num="28" count="20" type="stmt"/>
        <line num="29" count="20" type="stmt"/>
        <line num="31" count="20" type="stmt"/>
        <line num="32" count="24" type="cond" truecount="2" falsecount="0"/>
        <line num="33" count="24" type="stmt"/>
      </file>
    </package>
  </project>
</coverage>
