{"/Users/awrmin/Developer/react-native-horizontal-datepicker/src/index.tsx": {"path":"/Users/awrmin/Developer/react-native-horizontal-datepicker/src/index.tsx","statementMap":{"0":{"start":{"line":49,"column":16},"end":{"line":52,"column":10}},"1":{"start":{"line":56,"column":20},"end":{"line":56,"column":25}},"2":{"start":{"line":57,"column":22},"end":{"line":62,"column":1}},"3":{"start":{"line":58,"column":2},"end":{"line":61,"column":3}},"4":{"start":{"line":59,"column":4},"end":{"line":59,"column":54}},"5":{"start":{"line":60,"column":4},"end":{"line":60,"column":25}},"6":{"start":{"line":64,"column":14},"end":{"line":65,"column":56}},"7":{"start":{"line":65,"column":2},"end":{"line":65,"column":56}},"8":{"start":{"line":67,"column":66},"end":{"line":207,"column":1}},"9":{"start":{"line":84,"column":2},"end":{"line":86,"column":3}},"10":{"start":{"line":85,"column":4},"end":{"line":85,"column":20}},"11":{"start":{"line":88,"column":21},"end":{"line":88,"column":47}},"12":{"start":{"line":89,"column":42},"end":{"line":89,"column":77}},"13":{"start":{"line":92,"column":38},"end":{"line":92,"column":73}},"14":{"start":{"line":93,"column":2},"end":{"line":96,"column":3}},"15":{"start":{"line":94,"column":4},"end":{"line":94,"column":30}},"16":{"start":{"line":95,"column":4},"end":{"line":95,"column":32}},"17":{"start":{"line":98,"column":18},"end":{"line":98,"column":48}},"18":{"start":{"line":100,"column":15},"end":{"line":103,"column":3}},"19":{"start":{"line":101,"column":10},"end":{"line":101,"column":55}},"20":{"start":{"line":105,"column":24},"end":{"line":105,"column":70}},"21":{"start":{"line":107,"column":24},"end":{"line":116,"column":3}},"22":{"start":{"line":109,"column":6},"end":{"line":114,"column":8}},"23":{"start":{"line":118,"column":26},"end":{"line":129,"column":3}},"24":{"start":{"line":120,"column":6},"end":{"line":120,"column":27}},"25":{"start":{"line":121,"column":6},"end":{"line":121,"column":45}},"26":{"start":{"line":122,"column":6},"end":{"line":126,"column":9}},"27":{"start":{"line":131,"column":17},"end":{"line":131,"column":30}},"28":{"start":{"line":133,"column":21},"end":{"line":183,"column":3}},"29":{"start":{"line":135,"column":20},"end":{"line":135,"column":63}},"30":{"start":{"line":136,"column":25},"end":{"line":136,"column":46}},"31":{"start":{"line":137,"column":6},"end":{"line":167,"column":8}},"32":{"start":{"line":143,"column":25},"end":{"line":143,"column":53}},"33":{"start":{"line":185,"column":2},"end":{"line":206,"column":4}},"34":{"start":{"line":193,"column":29},"end":{"line":193,"column":32}},"35":{"start":{"line":195,"column":35},"end":{"line":195,"column":55}},"36":{"start":{"line":199,"column":8},"end":{"line":202,"column":11}},"37":{"start":{"line":209,"column":15},"end":{"line":215,"column":2}}},"fnMap":{"0":{"name":"(anonymous_0)","decl":{"start":{"line":57,"column":22},"end":{"line":57,"column":23}},"loc":{"start":{"line":57,"column":28},"end":{"line":62,"column":1}},"line":57},"1":{"name":"(anonymous_1)","decl":{"start":{"line":64,"column":14},"end":{"line":64,"column":15}},"loc":{"start":{"line":65,"column":2},"end":{"line":65,"column":56}},"line":65},"2":{"name":"(anonymous_2)","decl":{"start":{"line":67,"column":66},"end":{"line":67,"column":67}},"loc":{"start":{"line":83,"column":6},"end":{"line":207,"column":1}},"line":83},"3":{"name":"(anonymous_3)","decl":{"start":{"line":101,"column":4},"end":{"line":101,"column":5}},"loc":{"start":{"line":101,"column":10},"end":{"line":101,"column":55}},"line":101},"4":{"name":"(anonymous_4)","decl":{"start":{"line":108,"column":4},"end":{"line":108,"column":5}},"loc":{"start":{"line":109,"column":6},"end":{"line":114,"column":8}},"line":109},"5":{"name":"(anonymous_5)","decl":{"start":{"line":119,"column":4},"end":{"line":119,"column":5}},"loc":{"start":{"line":119,"column":36},"end":{"line":127,"column":5}},"line":119},"6":{"name":"(anonymous_6)","decl":{"start":{"line":134,"column":4},"end":{"line":134,"column":5}},"loc":{"start":{"line":134,"column":25},"end":{"line":168,"column":5}},"line":134},"7":{"name":"(anonymous_7)","decl":{"start":{"line":143,"column":19},"end":{"line":143,"column":20}},"loc":{"start":{"line":143,"column":25},"end":{"line":143,"column":53}},"line":143},"8":{"name":"(anonymous_8)","decl":{"start":{"line":193,"column":20},"end":{"line":193,"column":21}},"loc":{"start":{"line":193,"column":29},"end":{"line":193,"column":32}},"line":193},"9":{"name":"(anonymous_9)","decl":{"start":{"line":195,"column":21},"end":{"line":195,"column":22}},"loc":{"start":{"line":195,"column":35},"end":{"line":195,"column":55}},"line":195},"10":{"name":"(anonymous_10)","decl":{"start":{"line":198,"column":29},"end":{"line":198,"column":30}},"loc":{"start":{"line":198,"column":44},"end":{"line":203,"column":7}},"line":198}},"branchMap":{"0":{"loc":{"start":{"line":58,"column":2},"end":{"line":61,"column":3}},"type":"if","locations":[{"start":{"line":58,"column":2},"end":{"line":61,"column":3}},{"start":{},"end":{}}],"line":58},"1":{"loc":{"start":{"line":65,"column":2},"end":{"line":65,"column":56}},"type":"cond-expr","locations":[{"start":{"line":65,"column":18},"end":{"line":65,"column":22}},{"start":{"line":65,"column":25},"end":{"line":65,"column":56}}],"line":65},"2":{"loc":{"start":{"line":68,"column":2},"end":{"line":68,"column":20}},"type":"default-arg","locations":[{"start":{"line":68,"column":9},"end":{"line":68,"column":20}}],"line":68},"3":{"loc":{"start":{"line":73,"column":2},"end":{"line":73,"column":25}},"type":"default-arg","locations":[{"start":{"line":73,"column":22},"end":{"line":73,"column":25}}],"line":73},"4":{"loc":{"start":{"line":74,"column":2},"end":{"line":74,"column":26}},"type":"default-arg","locations":[{"start":{"line":74,"column":24},"end":{"line":74,"column":26}}],"line":74},"5":{"loc":{"start":{"line":75,"column":2},"end":{"line":75,"column":17}},"type":"default-arg","locations":[{"start":{"line":75,"column":15},"end":{"line":75,"column":17}}],"line":75},"6":{"loc":{"start":{"line":76,"column":2},"end":{"line":76,"column":17}},"type":"default-arg","locations":[{"start":{"line":76,"column":15},"end":{"line":76,"column":17}}],"line":76},"7":{"loc":{"start":{"line":77,"column":2},"end":{"line":77,"column":18}},"type":"default-arg","locations":[{"start":{"line":77,"column":16},"end":{"line":77,"column":18}}],"line":77},"8":{"loc":{"start":{"line":84,"column":2},"end":{"line":86,"column":3}},"type":"if","locations":[{"start":{"line":84,"column":2},"end":{"line":86,"column":3}},{"start":{},"end":{}}],"line":84},"9":{"loc":{"start":{"line":93,"column":2},"end":{"line":96,"column":3}},"type":"if","locations":[{"start":{"line":93,"column":2},"end":{"line":96,"column":3}},{"start":{},"end":{}}],"line":93},"10":{"loc":{"start":{"line":105,"column":24},"end":{"line":105,"column":70}},"type":"cond-expr","locations":[{"start":{"line":105,"column":39},"end":{"line":105,"column":65}},{"start":{"line":105,"column":68},"end":{"line":105,"column":70}}],"line":105},"11":{"loc":{"start":{"line":145,"column":11},"end":{"line":165,"column":11}},"type":"cond-expr","locations":[{"start":{"line":146,"column":12},"end":{"line":154,"column":14}},{"start":{"line":156,"column":12},"end":{"line":164,"column":14}}],"line":145},"12":{"loc":{"start":{"line":196,"column":26},"end":{"line":196,"column":63}},"type":"cond-expr","locations":[{"start":{"line":196,"column":46},"end":{"line":196,"column":59}},{"start":{"line":196,"column":62},"end":{"line":196,"column":63}}],"line":196}},"s":{"0":1,"1":1,"2":1,"3":1,"4":1,"5":1,"6":1,"7":14,"8":1,"9":14,"10":1,"11":14,"12":14,"13":14,"14":14,"15":1,"16":1,"17":14,"18":14,"19":10,"20":14,"21":14,"22":13,"23":14,"24":2,"25":2,"26":2,"27":14,"28":14,"29":54,"30":54,"31":54,"32":2,"33":14,"34":78,"35":14,"36":0,"37":1},"f":{"0":1,"1":14,"2":14,"3":10,"4":13,"5":2,"6":54,"7":2,"8":78,"9":14,"10":0},"b":{"0":[1,0],"1":[4,10],"2":[0],"3":[14],"4":[14],"5":[14],"6":[14],"7":[14],"8":[1,13],"9":[1,13],"10":[11,3],"11":[10,44],"12":[8,6]},"_coverageSchema":"1a1c01bbd47fc00a2c39e90264f33305004495a9","hash":"fe4a4409cbe57330f48dfb593730034de7d78d0d"}
,"/Users/awrmin/Developer/react-native-horizontal-datepicker/src/components/Selected.tsx": {"path":"/Users/awrmin/Developer/react-native-horizontal-datepicker/src/components/Selected.tsx","statementMap":{"0":{"start":{"line":14,"column":50},"end":{"line":39,"column":1}},"1":{"start":{"line":23,"column":2},"end":{"line":38,"column":4}},"2":{"start":{"line":41,"column":15},"end":{"line":50,"column":2}}},"fnMap":{"0":{"name":"(anonymous_0)","decl":{"start":{"line":14,"column":50},"end":{"line":14,"column":51}},"loc":{"start":{"line":22,"column":6},"end":{"line":39,"column":1}},"line":22}},"branchMap":{"0":{"loc":{"start":{"line":16,"column":2},"end":{"line":16,"column":25}},"type":"default-arg","locations":[{"start":{"line":16,"column":22},"end":{"line":16,"column":25}}],"line":16},"1":{"loc":{"start":{"line":18,"column":2},"end":{"line":18,"column":41}},"type":"default-arg","locations":[{"start":{"line":18,"column":32},"end":{"line":18,"column":41}}],"line":18},"2":{"loc":{"start":{"line":21,"column":2},"end":{"line":21,"column":18}},"type":"default-arg","locations":[{"start":{"line":21,"column":16},"end":{"line":21,"column":18}}],"line":21}},"s":{"0":1,"1":10,"2":1},"f":{"0":10},"b":{"0":[0],"1":[10],"2":[0]},"_coverageSchema":"1a1c01bbd47fc00a2c39e90264f33305004495a9","hash":"69cf4c57ba35dc3f517caef51d64ad01e1a6361c"}
,"/Users/awrmin/Developer/react-native-horizontal-datepicker/src/components/UnSelected.tsx": {"path":"/Users/awrmin/Developer/react-native-horizontal-datepicker/src/components/UnSelected.tsx","statementMap":{"0":{"start":{"line":14,"column":54},"end":{"line":39,"column":1}},"1":{"start":{"line":23,"column":2},"end":{"line":38,"column":4}},"2":{"start":{"line":41,"column":15},"end":{"line":50,"column":2}}},"fnMap":{"0":{"name":"(anonymous_0)","decl":{"start":{"line":14,"column":54},"end":{"line":14,"column":55}},"loc":{"start":{"line":22,"column":6},"end":{"line":39,"column":1}},"line":22}},"branchMap":{"0":{"loc":{"start":{"line":16,"column":2},"end":{"line":16,"column":26}},"type":"default-arg","locations":[{"start":{"line":16,"column":24},"end":{"line":16,"column":26}}],"line":16},"1":{"loc":{"start":{"line":18,"column":2},"end":{"line":18,"column":40}},"type":"default-arg","locations":[{"start":{"line":18,"column":34},"end":{"line":18,"column":40}}],"line":18},"2":{"loc":{"start":{"line":21,"column":2},"end":{"line":21,"column":18}},"type":"default-arg","locations":[{"start":{"line":21,"column":16},"end":{"line":21,"column":18}}],"line":21}},"s":{"0":1,"1":44,"2":1},"f":{"0":44},"b":{"0":[0],"1":[44],"2":[0]},"_coverageSchema":"1a1c01bbd47fc00a2c39e90264f33305004495a9","hash":"bf4bda07dac802709f4779a5474244d97f2958d5"}
,"/Users/awrmin/Developer/react-native-horizontal-datepicker/src/utils/helper.ts": {"path":"/Users/awrmin/Developer/react-native-horizontal-datepicker/src/utils/helper.ts","statementMap":{"0":{"start":{"line":11,"column":23},"end":{"line":11,"column":35}},"1":{"start":{"line":14,"column":24},"end":{"line":15,"column":68}},"2":{"start":{"line":15,"column":2},"end":{"line":15,"column":68}},"3":{"start":{"line":18,"column":27},"end":{"line":18,"column":79}},"4":{"start":{"line":18,"column":50},"end":{"line":18,"column":79}},"5":{"start":{"line":24,"column":41},"end":{"line":36,"column":1}},"6":{"start":{"line":28,"column":18},"end":{"line":28,"column":52}},"7":{"start":{"line":29,"column":14},"end":{"line":29,"column":46}},"8":{"start":{"line":30,"column":25},"end":{"line":30,"column":27}},"9":{"start":{"line":31,"column":2},"end":{"line":34,"column":3}},"10":{"start":{"line":32,"column":4},"end":{"line":32,"column":39}},"11":{"start":{"line":33,"column":4},"end":{"line":33,"column":26}},"12":{"start":{"line":35,"column":2},"end":{"line":35,"column":14}}},"fnMap":{"0":{"name":"(anonymous_0)","decl":{"start":{"line":14,"column":24},"end":{"line":14,"column":25}},"loc":{"start":{"line":15,"column":2},"end":{"line":15,"column":68}},"line":15},"1":{"name":"(anonymous_1)","decl":{"start":{"line":18,"column":27},"end":{"line":18,"column":28}},"loc":{"start":{"line":18,"column":50},"end":{"line":18,"column":79}},"line":18},"2":{"name":"(anonymous_2)","decl":{"start":{"line":24,"column":41},"end":{"line":24,"column":42}},"loc":{"start":{"line":27,"column":15},"end":{"line":36,"column":1}},"line":27}},"branchMap":{"0":{"loc":{"start":{"line":15,"column":2},"end":{"line":15,"column":68}},"type":"cond-expr","locations":[{"start":{"line":15,"column":30},"end":{"line":15,"column":52}},{"start":{"line":15,"column":55},"end":{"line":15,"column":68}}],"line":15}},"s":{"0":2,"1":2,"2":42,"3":2,"4":2,"5":2,"6":16,"7":16,"8":16,"9":16,"10":61,"11":61,"12":16},"f":{"0":42,"1":2,"2":16},"b":{"0":[36,6]},"_coverageSchema":"1a1c01bbd47fc00a2c39e90264f33305004495a9","hash":"f9b280b2b311e3053fa5efd2d0c48b33f2788eab"}
,"/Users/awrmin/Developer/react-native-horizontal-datepicker/src/utils/layout.ts": {"path":"/Users/awrmin/Developer/react-native-horizontal-datepicker/src/utils/layout.ts","statementMap":{"0":{"start":{"line":21,"column":35},"end":{"line":40,"column":1}},"1":{"start":{"line":27,"column":18},"end":{"line":27,"column":33}},"2":{"start":{"line":28,"column":19},"end":{"line":28,"column":46}},"3":{"start":{"line":29,"column":21},"end":{"line":29,"column":50}},"4":{"start":{"line":31,"column":2},"end":{"line":39,"column":4}},"5":{"start":{"line":32,"column":29},"end":{"line":32,"column":72}},"6":{"start":{"line":33,"column":4},"end":{"line":38,"column":6}}},"fnMap":{"0":{"name":"(anonymous_0)","decl":{"start":{"line":21,"column":35},"end":{"line":21,"column":36}},"loc":{"start":{"line":26,"column":19},"end":{"line":40,"column":1}},"line":26},"1":{"name":"(anonymous_1)","decl":{"start":{"line":31,"column":9},"end":{"line":31,"column":10}},"loc":{"start":{"line":31,"column":40},"end":{"line":39,"column":3}},"line":31}},"branchMap":{"0":{"loc":{"start":{"line":32,"column":29},"end":{"line":32,"column":72}},"type":"binary-expr","locations":[{"start":{"line":32,"column":29},"end":{"line":32,"column":47}},{"start":{"line":32,"column":51},"end":{"line":32,"column":72}}],"line":32},"1":{"loc":{"start":{"line":34,"column":14},"end":{"line":34,"column":61}},"type":"cond-expr","locations":[{"start":{"line":34,"column":40},"end":{"line":34,"column":48}},{"start":{"line":34,"column":51},"end":{"line":34,"column":61}}],"line":34},"2":{"loc":{"start":{"line":36,"column":30},"end":{"line":36,"column":74}},"type":"cond-expr","locations":[{"start":{"line":36,"column":49},"end":{"line":36,"column":70}},{"start":{"line":36,"column":73},"end":{"line":36,"column":74}}],"line":36}},"s":{"0":2,"1":20,"2":20,"3":20,"4":20,"5":24,"6":24},"f":{"0":20,"1":24},"b":{"0":[24,19],"1":[2,22],"2":[5,19]},"_coverageSchema":"1a1c01bbd47fc00a2c39e90264f33305004495a9","hash":"f4acda4152764ed101ebd118aa7b9c2c5bcab5f2"}
}
