TN:
SF:src/index.tsx
FN:57,(anonymous_0)
FN:64,(anonymous_1)
FN:67,(anonymous_2)
FN:101,(anonymous_3)
FN:108,(anonymous_4)
FN:119,(anonymous_5)
FN:134,(anonymous_6)
FN:143,(anonymous_7)
FN:193,(anonymous_8)
FN:195,(anonymous_9)
FN:198,(anonymous_10)
FNF:11
FNH:10
FNDA:1,(anonymous_0)
FNDA:14,(anonymous_1)
FNDA:14,(anonymous_2)
FNDA:10,(anonymous_3)
FNDA:13,(anonymous_4)
FNDA:2,(anonymous_5)
FNDA:54,(anonymous_6)
FNDA:2,(anonymous_7)
FNDA:78,(anonymous_8)
FNDA:14,(anonymous_9)
FNDA:0,(anonymous_10)
DA:49,1
DA:56,1
DA:57,1
DA:58,1
DA:59,1
DA:60,1
DA:64,1
DA:65,14
DA:67,1
DA:84,14
DA:85,1
DA:88,14
DA:89,14
DA:92,14
DA:93,14
DA:94,1
DA:95,1
DA:98,14
DA:100,14
DA:101,10
DA:105,14
DA:107,14
DA:109,13
DA:118,14
DA:120,2
DA:121,2
DA:122,2
DA:131,14
DA:133,14
DA:135,54
DA:136,54
DA:137,54
DA:143,2
DA:185,14
DA:193,78
DA:195,14
DA:199,0
DA:209,1
LF:38
LH:37
BRDA:58,0,0,1
BRDA:58,0,1,0
BRDA:65,1,0,4
BRDA:65,1,1,10
BRDA:68,2,0,0
BRDA:73,3,0,14
BRDA:74,4,0,14
BRDA:75,5,0,14
BRDA:76,6,0,14
BRDA:77,7,0,14
BRDA:84,8,0,1
BRDA:84,8,1,13
BRDA:93,9,0,1
BRDA:93,9,1,13
BRDA:105,10,0,11
BRDA:105,10,1,3
BRDA:145,11,0,10
BRDA:145,11,1,44
BRDA:196,12,0,8
BRDA:196,12,1,6
BRF:20
BRH:18
end_of_record
TN:
SF:src/components/Selected.tsx
FN:14,(anonymous_0)
FNF:1
FNH:1
FNDA:10,(anonymous_0)
DA:14,1
DA:23,10
DA:41,1
LF:3
LH:3
BRDA:16,0,0,0
BRDA:18,1,0,10
BRDA:21,2,0,0
BRF:3
BRH:1
end_of_record
TN:
SF:src/components/UnSelected.tsx
FN:14,(anonymous_0)
FNF:1
FNH:1
FNDA:44,(anonymous_0)
DA:14,1
DA:23,44
DA:41,1
LF:3
LH:3
BRDA:16,0,0,0
BRDA:18,1,0,44
BRDA:21,2,0,0
BRF:3
BRH:1
end_of_record
TN:
SF:src/utils/helper.ts
FN:14,(anonymous_0)
FN:18,(anonymous_1)
FN:24,(anonymous_2)
FNF:3
FNH:3
FNDA:42,(anonymous_0)
FNDA:2,(anonymous_1)
FNDA:16,(anonymous_2)
DA:11,2
DA:14,2
DA:15,42
DA:18,2
DA:24,2
DA:28,16
DA:29,16
DA:30,16
DA:31,16
DA:32,61
DA:33,61
DA:35,16
LF:12
LH:12
BRDA:15,0,0,36
BRDA:15,0,1,6
BRF:2
BRH:2
end_of_record
TN:
SF:src/utils/layout.ts
FN:21,(anonymous_0)
FN:31,(anonymous_1)
FNF:2
FNH:2
FNDA:20,(anonymous_0)
FNDA:24,(anonymous_1)
DA:21,2
DA:27,20
DA:28,20
DA:29,20
DA:31,20
DA:32,24
DA:33,24
LF:7
LH:7
BRDA:32,0,0,24
BRDA:32,0,1,19
BRDA:34,1,0,2
BRDA:34,1,1,22
BRDA:36,2,0,5
BRDA:36,2,1,19
BRF:6
BRH:6
end_of_record
